<?xml version="1.0" encoding="UTF-8"?>
<!-- Generated by org.testng.reporters.JUnitXMLReporter -->
<testsuite ignored="0" hostname="DESKTOP-8PH4UDG" failures="0" tests="5" name="Default test" time="191.185" errors="0" timestamp="2022-09-12T16:18:42 EDT">
  <testcase classname="com.crm.qa.testcases.ContactsPageTest" name="verifyContactsPageLabel" time="0.156"/>
  <testcase classname="com.crm.qa.testcases.ContactsPageTest" name="selectContactsTest" time="43.905"/>
  <testcase classname="com.crm.qa.testcases.ContactsPageTest" name="selectMultipleContactsTest" time="37.515"/>
  <testcase classname="com.crm.qa.testcases.ContactsPageTest" name="validateCreateNewContacts" time="2.479"/>
  <testcase classname="com.crm.qa.testcases.ContactsPageTest" name="validateCreateNewContacts" time="2.506"/>
</testsuite> <!-- Default test -->
