<?xml version="1.0" encoding="UTF-8"?>
<!-- Generated by org.testng.reporters.JUnitXMLReporter -->
<testsuite ignored="0" hostname="DESKTOP-8PH4UDG" failures="0" tests="3" name="Free CRM Test Cases" time="35.657" errors="0" timestamp="2022-09-13T15:14:23 EDT">
  <testcase classname="com.crm.qa.testcases.LoginPageTest" name="loginPageTitleTest" time="0.197"/>
  <testcase classname="com.crm.qa.testcases.LoginPageTest" name="crmLogoImageTest" time="0.186"/>
  <testcase classname="com.crm.qa.testcases.LoginPageTest" name="loginTest" time="10.658"/>
</testsuite> <!-- Free CRM Test Cases -->
