<?xml version="1.0" encoding="UTF-8"?>
<testng-results ignored="0" total="11" passed="11" failed="0" skipped="0">
  <reporter-output>
  </reporter-output>
  <suite started-at="2022-09-12T20:39:28Z" name="Command line suite" finished-at="2022-09-12T20:43:34Z" duration-ms="246480">
    <groups>
    </groups>
    <test started-at="2022-09-12T20:39:28Z" name="Command line test" finished-at="2022-09-12T20:43:34Z" duration-ms="246480">
      <class name="com.crm.qa.testcases.HomePageTest">
        <test-method is-config="true" signature="setUp()[pri:0, instance:com.crm.qa.testcases.HomePageTest@b7dd107]" started-at="2022-09-12T16:39:44Z" name="setUp" finished-at="2022-09-12T16:39:59Z" duration-ms="14855" status="PASS">
          <reporter-output>
          </reporter-output>
        </test-method> <!-- setUp -->
        <test-method signature="verifyHomePageTitleTest()[pri:1, instance:com.crm.qa.testcases.HomePageTest@b7dd107]" started-at="2022-09-12T16:39:59Z" name="verifyHomePageTitleTest" finished-at="2022-09-12T16:39:59Z" duration-ms="5" status="PASS">
          <reporter-output>
          </reporter-output>
        </test-method> <!-- verifyHomePageTitleTest -->
        <test-method is-config="true" signature="tearDown()[pri:0, instance:com.crm.qa.testcases.HomePageTest@b7dd107]" started-at="2022-09-12T16:39:59Z" name="tearDown" finished-at="2022-09-12T16:40:00Z" duration-ms="623" status="PASS">
          <reporter-output>
          </reporter-output>
        </test-method> <!-- tearDown -->
        <test-method is-config="true" signature="setUp()[pri:0, instance:com.crm.qa.testcases.HomePageTest@b7dd107]" started-at="2022-09-12T16:41:07Z" name="setUp" finished-at="2022-09-12T16:41:21Z" duration-ms="13935" status="PASS">
          <reporter-output>
          </reporter-output>
        </test-method> <!-- setUp -->
        <test-method signature="verifyUserNameTest()[pri:2, instance:com.crm.qa.testcases.HomePageTest@b7dd107]" started-at="2022-09-12T16:41:21Z" name="verifyUserNameTest" finished-at="2022-09-12T16:41:22Z" duration-ms="1113" status="PASS">
          <reporter-output>
          </reporter-output>
        </test-method> <!-- verifyUserNameTest -->
        <test-method is-config="true" signature="tearDown()[pri:0, instance:com.crm.qa.testcases.HomePageTest@b7dd107]" started-at="2022-09-12T16:41:22Z" name="tearDown" finished-at="2022-09-12T16:41:22Z" duration-ms="607" status="PASS">
          <reporter-output>
          </reporter-output>
        </test-method> <!-- tearDown -->
        <test-method is-config="true" signature="setUp()[pri:0, instance:com.crm.qa.testcases.HomePageTest@b7dd107]" started-at="2022-09-12T16:42:25Z" name="setUp" finished-at="2022-09-12T16:42:39Z" duration-ms="13748" status="PASS">
          <reporter-output>
          </reporter-output>
        </test-method> <!-- setUp -->
        <test-method signature="verifyContactsLinkTest()[pri:3, instance:com.crm.qa.testcases.HomePageTest@b7dd107]" started-at="2022-09-12T16:42:39Z" name="verifyContactsLinkTest" finished-at="2022-09-12T16:42:40Z" duration-ms="1221" status="PASS">
          <reporter-output>
          </reporter-output>
        </test-method> <!-- verifyContactsLinkTest -->
        <test-method is-config="true" signature="tearDown()[pri:0, instance:com.crm.qa.testcases.HomePageTest@b7dd107]" started-at="2022-09-12T16:42:40Z" name="tearDown" finished-at="2022-09-12T16:42:41Z" duration-ms="773" status="PASS">
          <reporter-output>
          </reporter-output>
        </test-method> <!-- tearDown -->
      </class> <!-- com.crm.qa.testcases.HomePageTest -->
      <class name="com.crm.qa.testcases.ContactsPageTest">
        <test-method is-config="true" signature="setUp()[pri:0, instance:com.crm.qa.testcases.ContactsPageTest@6950e31]" started-at="2022-09-12T16:39:28Z" name="setUp" finished-at="2022-09-12T16:39:44Z" duration-ms="16052" status="PASS">
          <reporter-output>
          </reporter-output>
        </test-method> <!-- setUp -->
        <test-method signature="verifyContactsPageLabel()[pri:1, instance:com.crm.qa.testcases.ContactsPageTest@6950e31]" started-at="2022-09-12T16:39:44Z" name="verifyContactsPageLabel" finished-at="2022-09-12T16:39:44Z" duration-ms="183" status="PASS">
          <reporter-output>
          </reporter-output>
        </test-method> <!-- verifyContactsPageLabel -->
        <test-method is-config="true" signature="tearDown()[pri:0, instance:com.crm.qa.testcases.ContactsPageTest@6950e31]" started-at="2022-09-12T16:39:44Z" name="tearDown" finished-at="2022-09-12T16:39:44Z" duration-ms="256" status="PASS">
          <reporter-output>
          </reporter-output>
        </test-method> <!-- tearDown -->
        <test-method is-config="true" signature="setUp()[pri:0, instance:com.crm.qa.testcases.ContactsPageTest@6950e31]" started-at="2022-09-12T16:40:07Z" name="setUp" finished-at="2022-09-12T16:40:23Z" duration-ms="16103" status="PASS">
          <reporter-output>
          </reporter-output>
        </test-method> <!-- setUp -->
        <test-method signature="selectContactsTest()[pri:2, instance:com.crm.qa.testcases.ContactsPageTest@6950e31]" started-at="2022-09-12T16:40:23Z" name="selectContactsTest" finished-at="2022-09-12T16:41:06Z" duration-ms="43806" status="PASS">
          <reporter-output>
          </reporter-output>
        </test-method> <!-- selectContactsTest -->
        <test-method is-config="true" signature="tearDown()[pri:0, instance:com.crm.qa.testcases.ContactsPageTest@6950e31]" started-at="2022-09-12T16:41:06Z" name="tearDown" finished-at="2022-09-12T16:41:07Z" duration-ms="328" status="PASS">
          <reporter-output>
          </reporter-output>
        </test-method> <!-- tearDown -->
        <test-method is-config="true" signature="setUp()[pri:0, instance:com.crm.qa.testcases.ContactsPageTest@6950e31]" started-at="2022-09-12T16:41:28Z" name="setUp" finished-at="2022-09-12T16:41:43Z" duration-ms="15402" status="PASS">
          <reporter-output>
          </reporter-output>
        </test-method> <!-- setUp -->
        <test-method signature="selectMultipleContactsTest()[pri:3, instance:com.crm.qa.testcases.ContactsPageTest@6950e31]" started-at="2022-09-12T16:41:43Z" name="selectMultipleContactsTest" finished-at="2022-09-12T16:42:25Z" duration-ms="41260" status="PASS">
          <reporter-output>
          </reporter-output>
        </test-method> <!-- selectMultipleContactsTest -->
        <test-method is-config="true" signature="tearDown()[pri:0, instance:com.crm.qa.testcases.ContactsPageTest@6950e31]" started-at="2022-09-12T16:42:25Z" name="tearDown" finished-at="2022-09-12T16:42:25Z" duration-ms="218" status="PASS">
          <reporter-output>
          </reporter-output>
        </test-method> <!-- tearDown -->
        <test-method is-config="true" signature="setUp()[pri:0, instance:com.crm.qa.testcases.ContactsPageTest@6950e31]" started-at="2022-09-12T16:42:56Z" name="setUp" finished-at="2022-09-12T16:43:12Z" duration-ms="15576" status="PASS">
          <reporter-output>
          </reporter-output>
        </test-method> <!-- setUp -->
        <test-method signature="validateCreateNewContacts(java.lang.String, java.lang.String, java.lang.String)[pri:4, instance:com.crm.qa.testcases.ContactsPageTest@6950e31]" started-at="2022-09-12T16:43:12Z" name="validateCreateNewContacts" data-provider="data-provider" finished-at="2022-09-12T16:43:15Z" duration-ms="3116" status="PASS">
          <params>
            <param index="0">
              <value>
                <![CDATA[hardik]]>
              </value>
            </param>
            <param index="1">
              <value>
                <![CDATA[patel]]>
              </value>
            </param>
            <param index="2">
              <value>
                <![CDATA[google]]>
              </value>
            </param>
          </params>
          <reporter-output>
          </reporter-output>
        </test-method> <!-- validateCreateNewContacts -->
        <test-method is-config="true" signature="tearDown()[pri:0, instance:com.crm.qa.testcases.ContactsPageTest@6950e31]" started-at="2022-09-12T16:43:15Z" name="tearDown" finished-at="2022-09-12T16:43:15Z" duration-ms="278" status="PASS">
          <reporter-output>
          </reporter-output>
        </test-method> <!-- tearDown -->
        <test-method is-config="true" signature="setUp()[pri:0, instance:com.crm.qa.testcases.ContactsPageTest@6950e31]" started-at="2022-09-12T16:43:15Z" name="setUp" finished-at="2022-09-12T16:43:31Z" duration-ms="16269" status="PASS">
          <reporter-output>
          </reporter-output>
        </test-method> <!-- setUp -->
        <test-method signature="validateCreateNewContacts(java.lang.String, java.lang.String, java.lang.String)[pri:4, instance:com.crm.qa.testcases.ContactsPageTest@6950e31]" started-at="2022-09-12T16:43:31Z" name="validateCreateNewContacts" data-provider="data-provider" finished-at="2022-09-12T16:43:34Z" duration-ms="2730" status="PASS">
          <params>
            <param index="0">
              <value>
                <![CDATA[shital]]>
              </value>
            </param>
            <param index="1">
              <value>
                <![CDATA[patel]]>
              </value>
            </param>
            <param index="2">
              <value>
                <![CDATA[tcs]]>
              </value>
            </param>
          </params>
          <reporter-output>
          </reporter-output>
        </test-method> <!-- validateCreateNewContacts -->
        <test-method is-config="true" signature="tearDown()[pri:0, instance:com.crm.qa.testcases.ContactsPageTest@6950e31]" started-at="2022-09-12T16:43:34Z" name="tearDown" finished-at="2022-09-12T16:43:34Z" duration-ms="348" status="PASS">
          <reporter-output>
          </reporter-output>
        </test-method> <!-- tearDown -->
      </class> <!-- com.crm.qa.testcases.ContactsPageTest -->
      <class name="com.crm.qa.testcases.LoginPageTest">
        <test-method is-config="true" signature="setUp()[pri:0, instance:com.crm.qa.testcases.LoginPageTest@42eca56e]" started-at="2022-09-12T16:40:00Z" name="setUp" finished-at="2022-09-12T16:40:06Z" duration-ms="6418" status="PASS">
          <reporter-output>
          </reporter-output>
        </test-method> <!-- setUp -->
        <test-method signature="loginPageTitleTest()[pri:1, instance:com.crm.qa.testcases.LoginPageTest@42eca56e]" started-at="2022-09-12T16:40:06Z" name="loginPageTitleTest" finished-at="2022-09-12T16:40:06Z" duration-ms="56" status="PASS">
          <reporter-output>
          </reporter-output>
        </test-method> <!-- loginPageTitleTest -->
        <test-method is-config="true" signature="tearDown()[pri:0, instance:com.crm.qa.testcases.LoginPageTest@42eca56e]" started-at="2022-09-12T16:40:06Z" name="tearDown" finished-at="2022-09-12T16:40:07Z" duration-ms="278" status="PASS">
          <reporter-output>
          </reporter-output>
        </test-method> <!-- tearDown -->
        <test-method is-config="true" signature="setUp()[pri:0, instance:com.crm.qa.testcases.LoginPageTest@42eca56e]" started-at="2022-09-12T16:41:22Z" name="setUp" finished-at="2022-09-12T16:41:28Z" duration-ms="5082" status="PASS">
          <reporter-output>
          </reporter-output>
        </test-method> <!-- setUp -->
        <test-method signature="crmLogoImageTest()[pri:2, instance:com.crm.qa.testcases.LoginPageTest@42eca56e]" started-at="2022-09-12T16:41:28Z" name="crmLogoImageTest" finished-at="2022-09-12T16:41:28Z" duration-ms="109" status="PASS">
          <reporter-output>
          </reporter-output>
        </test-method> <!-- crmLogoImageTest -->
        <test-method is-config="true" signature="tearDown()[pri:0, instance:com.crm.qa.testcases.LoginPageTest@42eca56e]" started-at="2022-09-12T16:41:28Z" name="tearDown" finished-at="2022-09-12T16:41:28Z" duration-ms="205" status="PASS">
          <reporter-output>
          </reporter-output>
        </test-method> <!-- tearDown -->
        <test-method is-config="true" signature="setUp()[pri:0, instance:com.crm.qa.testcases.LoginPageTest@42eca56e]" started-at="2022-09-12T16:42:41Z" name="setUp" finished-at="2022-09-12T16:42:47Z" duration-ms="6352" status="PASS">
          <reporter-output>
          </reporter-output>
        </test-method> <!-- setUp -->
        <test-method signature="loginTest()[pri:3, instance:com.crm.qa.testcases.LoginPageTest@42eca56e]" started-at="2022-09-12T16:42:47Z" name="loginTest" finished-at="2022-09-12T16:42:56Z" duration-ms="8866" status="PASS">
          <reporter-output>
          </reporter-output>
        </test-method> <!-- loginTest -->
        <test-method is-config="true" signature="tearDown()[pri:0, instance:com.crm.qa.testcases.LoginPageTest@42eca56e]" started-at="2022-09-12T16:42:56Z" name="tearDown" finished-at="2022-09-12T16:42:56Z" duration-ms="218" status="PASS">
          <reporter-output>
          </reporter-output>
        </test-method> <!-- tearDown -->
      </class> <!-- com.crm.qa.testcases.LoginPageTest -->
    </test> <!-- Command line test -->
  </suite> <!-- Command line suite -->
</testng-results>
