<?xml version="1.0" encoding="UTF-8"?>
<testng-results ignored="0" total="5" passed="5" failed="0" skipped="0">
  <reporter-output>
  </reporter-output>
  <suite started-at="2022-09-12T16:15:31 EDT" name="Default suite" finished-at="2022-09-12T16:18:42 EDT" duration-ms="191185">
    <groups>
    </groups>
    <test started-at="2022-09-12T16:15:31 EDT" name="Default test" finished-at="2022-09-12T16:18:42 EDT" duration-ms="191185">
      <class name="com.crm.qa.testcases.ContactsPageTest">
        <test-method is-config="true" signature="setUp()[pri:0, instance:com.crm.qa.testcases.ContactsPageTest@6babf3bf]" started-at="2022-09-12T16:15:31 EDT" name="setUp" finished-at="2022-09-12T16:15:50 EDT" duration-ms="19029" status="PASS">
          <reporter-output>
          </reporter-output>
        </test-method> <!-- setUp -->
        <test-method signature="verifyContactsPageLabel()[pri:1, instance:com.crm.qa.testcases.ContactsPageTest@6babf3bf]" started-at="2022-09-12T16:15:50 EDT" name="verifyContactsPageLabel" finished-at="2022-09-12T16:15:50 EDT" duration-ms="156" status="PASS">
          <reporter-output>
          </reporter-output>
        </test-method> <!-- verifyContactsPageLabel -->
        <test-method is-config="true" signature="tearDown()[pri:0, instance:com.crm.qa.testcases.ContactsPageTest@6babf3bf]" started-at="2022-09-12T16:15:50 EDT" name="tearDown" finished-at="2022-09-12T16:15:53 EDT" duration-ms="2647" status="PASS">
          <reporter-output>
          </reporter-output>
        </test-method> <!-- tearDown -->
        <test-method is-config="true" signature="setUp()[pri:0, instance:com.crm.qa.testcases.ContactsPageTest@6babf3bf]" started-at="2022-09-12T16:15:53 EDT" name="setUp" finished-at="2022-09-12T16:16:12 EDT" duration-ms="18518" status="PASS">
          <reporter-output>
          </reporter-output>
        </test-method> <!-- setUp -->
        <test-method signature="selectContactsTest()[pri:2, instance:com.crm.qa.testcases.ContactsPageTest@6babf3bf]" started-at="2022-09-12T16:16:12 EDT" name="selectContactsTest" finished-at="2022-09-12T16:16:55 EDT" duration-ms="43905" status="PASS">
          <reporter-output>
          </reporter-output>
        </test-method> <!-- selectContactsTest -->
        <test-method is-config="true" signature="tearDown()[pri:0, instance:com.crm.qa.testcases.ContactsPageTest@6babf3bf]" started-at="2022-09-12T16:16:55 EDT" name="tearDown" finished-at="2022-09-12T16:16:57 EDT" duration-ms="1705" status="PASS">
          <reporter-output>
          </reporter-output>
        </test-method> <!-- tearDown -->
        <test-method is-config="true" signature="setUp()[pri:0, instance:com.crm.qa.testcases.ContactsPageTest@6babf3bf]" started-at="2022-09-12T16:16:57 EDT" name="setUp" finished-at="2022-09-12T16:17:15 EDT" duration-ms="17828" status="PASS">
          <reporter-output>
          </reporter-output>
        </test-method> <!-- setUp -->
        <test-method signature="selectMultipleContactsTest()[pri:3, instance:com.crm.qa.testcases.ContactsPageTest@6babf3bf]" started-at="2022-09-12T16:17:15 EDT" name="selectMultipleContactsTest" finished-at="2022-09-12T16:17:53 EDT" duration-ms="37515" status="PASS">
          <reporter-output>
          </reporter-output>
        </test-method> <!-- selectMultipleContactsTest -->
        <test-method is-config="true" signature="tearDown()[pri:0, instance:com.crm.qa.testcases.ContactsPageTest@6babf3bf]" started-at="2022-09-12T16:17:53 EDT" name="tearDown" finished-at="2022-09-12T16:17:55 EDT" duration-ms="2068" status="PASS">
          <reporter-output>
          </reporter-output>
        </test-method> <!-- tearDown -->
        <test-method is-config="true" signature="setUp()[pri:0, instance:com.crm.qa.testcases.ContactsPageTest@6babf3bf]" started-at="2022-09-12T16:17:55 EDT" name="setUp" finished-at="2022-09-12T16:18:14 EDT" duration-ms="18582" status="PASS">
          <reporter-output>
          </reporter-output>
        </test-method> <!-- setUp -->
        <test-method signature="validateCreateNewContacts(java.lang.String,java.lang.String,java.lang.String)[pri:4, instance:com.crm.qa.testcases.ContactsPageTest@6babf3bf]" started-at="2022-09-12T16:18:14 EDT" name="validateCreateNewContacts" data-provider="data-provider" finished-at="2022-09-12T16:18:16 EDT" duration-ms="2479" status="PASS">
          <params>
            <param index="0">
              <value>
                <![CDATA[hardik]]>
              </value>
            </param>
            <param index="1">
              <value>
                <![CDATA[patel]]>
              </value>
            </param>
            <param index="2">
              <value>
                <![CDATA[google]]>
              </value>
            </param>
          </params>
          <reporter-output>
          </reporter-output>
        </test-method> <!-- validateCreateNewContacts -->
        <test-method is-config="true" signature="tearDown()[pri:0, instance:com.crm.qa.testcases.ContactsPageTest@6babf3bf]" started-at="2022-09-12T16:18:16 EDT" name="tearDown" finished-at="2022-09-12T16:18:19 EDT" duration-ms="2609" status="PASS">
          <reporter-output>
          </reporter-output>
        </test-method> <!-- tearDown -->
        <test-method is-config="true" signature="setUp()[pri:0, instance:com.crm.qa.testcases.ContactsPageTest@6babf3bf]" started-at="2022-09-12T16:18:19 EDT" name="setUp" finished-at="2022-09-12T16:18:37 EDT" duration-ms="18605" status="PASS">
          <reporter-output>
          </reporter-output>
        </test-method> <!-- setUp -->
        <test-method signature="validateCreateNewContacts(java.lang.String,java.lang.String,java.lang.String)[pri:4, instance:com.crm.qa.testcases.ContactsPageTest@6babf3bf]" started-at="2022-09-12T16:18:37 EDT" name="validateCreateNewContacts" data-provider="data-provider" finished-at="2022-09-12T16:18:40 EDT" duration-ms="2506" status="PASS">
          <params>
            <param index="0">
              <value>
                <![CDATA[shital]]>
              </value>
            </param>
            <param index="1">
              <value>
                <![CDATA[patel]]>
              </value>
            </param>
            <param index="2">
              <value>
                <![CDATA[tcs]]>
              </value>
            </param>
          </params>
          <reporter-output>
          </reporter-output>
        </test-method> <!-- validateCreateNewContacts -->
        <test-method is-config="true" signature="tearDown()[pri:0, instance:com.crm.qa.testcases.ContactsPageTest@6babf3bf]" started-at="2022-09-12T16:18:40 EDT" name="tearDown" finished-at="2022-09-12T16:18:42 EDT" duration-ms="2401" status="PASS">
          <reporter-output>
          </reporter-output>
        </test-method> <!-- tearDown -->
      </class> <!-- com.crm.qa.testcases.ContactsPageTest -->
    </test> <!-- Default test -->
  </suite> <!-- Default suite -->
</testng-results>
