<?xml version="1.0" encoding="UTF-8"?>
<testng-results ignored="0" total="3" passed="3" failed="0" skipped="0">
  <reporter-output>
  </reporter-output>
  <suite started-at="2022-09-13T15:13:47 EDT" name="Free CRM Application Test Suite" finished-at="2022-09-13T15:14:23 EDT" duration-ms="35657">
    <groups>
    </groups>
    <test started-at="2022-09-13T15:13:47 EDT" name="Free CRM Test Cases" finished-at="2022-09-13T15:14:23 EDT" duration-ms="35657">
      <class name="com.crm.qa.testcases.LoginPageTest">
        <test-method is-config="true" signature="setUp()[pri:0, instance:com.crm.qa.testcases.LoginPageTest@1cbb87f3]" started-at="2022-09-13T15:13:47 EDT" name="setUp" finished-at="2022-09-13T15:13:57 EDT" duration-ms="9888" status="PASS">
          <reporter-output>
          </reporter-output>
        </test-method> <!-- setUp -->
        <test-method signature="loginPageTitleTest()[pri:1, instance:com.crm.qa.testcases.LoginPageTest@1cbb87f3]" started-at="2022-09-13T15:13:57 EDT" name="loginPageTitleTest" finished-at="2022-09-13T15:13:57 EDT" duration-ms="197" status="PASS">
          <reporter-output>
          </reporter-output>
        </test-method> <!-- loginPageTitleTest -->
        <test-method is-config="true" signature="tearDown()[pri:0, instance:com.crm.qa.testcases.LoginPageTest@1cbb87f3]" started-at="2022-09-13T15:13:57 EDT" name="tearDown" finished-at="2022-09-13T15:13:58 EDT" duration-ms="604" status="PASS">
          <reporter-output>
          </reporter-output>
        </test-method> <!-- tearDown -->
        <test-method is-config="true" signature="setUp()[pri:0, instance:com.crm.qa.testcases.LoginPageTest@1cbb87f3]" started-at="2022-09-13T15:13:58 EDT" name="setUp" finished-at="2022-09-13T15:14:05 EDT" duration-ms="6609" status="PASS">
          <reporter-output>
          </reporter-output>
        </test-method> <!-- setUp -->
        <test-method signature="crmLogoImageTest()[pri:2, instance:com.crm.qa.testcases.LoginPageTest@1cbb87f3]" started-at="2022-09-13T15:14:05 EDT" name="crmLogoImageTest" finished-at="2022-09-13T15:14:05 EDT" duration-ms="186" status="PASS">
          <reporter-output>
          </reporter-output>
        </test-method> <!-- crmLogoImageTest -->
        <test-method is-config="true" signature="tearDown()[pri:0, instance:com.crm.qa.testcases.LoginPageTest@1cbb87f3]" started-at="2022-09-13T15:14:05 EDT" name="tearDown" finished-at="2022-09-13T15:14:05 EDT" duration-ms="732" status="PASS">
          <reporter-output>
          </reporter-output>
        </test-method> <!-- tearDown -->
        <test-method is-config="true" signature="setUp()[pri:0, instance:com.crm.qa.testcases.LoginPageTest@1cbb87f3]" started-at="2022-09-13T15:14:05 EDT" name="setUp" finished-at="2022-09-13T15:14:12 EDT" duration-ms="6410" status="PASS">
          <reporter-output>
          </reporter-output>
        </test-method> <!-- setUp -->
        <test-method signature="loginTest()[pri:3, instance:com.crm.qa.testcases.LoginPageTest@1cbb87f3]" started-at="2022-09-13T15:14:12 EDT" name="loginTest" finished-at="2022-09-13T15:14:23 EDT" duration-ms="10658" status="PASS">
          <reporter-output>
          </reporter-output>
        </test-method> <!-- loginTest -->
        <test-method is-config="true" signature="tearDown()[pri:0, instance:com.crm.qa.testcases.LoginPageTest@1cbb87f3]" started-at="2022-09-13T15:14:23 EDT" name="tearDown" finished-at="2022-09-13T15:14:23 EDT" duration-ms="318" status="PASS">
          <reporter-output>
          </reporter-output>
        </test-method> <!-- tearDown -->
      </class> <!-- com.crm.qa.testcases.LoginPageTest -->
    </test> <!-- Free CRM Test Cases -->
  </suite> <!-- Free CRM Application Test Suite -->
</testng-results>
